<?xml version="1.0" encoding="UTF-8"?>
<!-- Generated by org.testng.reporters.JUnitReportReporter -->
<testsuite skipped="1" hostname="OESLCHN-BD89" name="com.TestCase.App.ZohoTest" tests="6" failures="0" timestamp="19 Jul 2018 12:12:09 GMT" time="52.772" errors="0">
  <testcase name="login" time="23.780" classname="com.TestCase.App.ZohoTest"/>
  <testcase name="clicksettings" time="6.485" classname="com.TestCase.App.ZohoTest"/>
  <testcase name="addoperator" time="3.658" classname="com.TestCase.App.ZohoTest"/>
  <testcase name="addtriger" time="4.664" classname="com.TestCase.App.ZohoTest"/>
  <testcase name="addtriger" time="14.185" classname="com.TestCase.App.ZohoTest"/>
  <testcase name="deloperator" classname="com.TestCase.App.ZohoTest">
    <skipped/>
  </testcase> <!-- deloperator -->
</testsuite> <!-- com.TestCase.App.ZohoTest -->
